Start testing: Apr 05 14:32 SE Asia Standard Time
----------------------------------------------------------
1/7 Testing: smoke_build_hello
1/7 Test: smoke_build_hello
Command: "D:/zenasm/build/zenasm.exe" "build" "D:/zenasm/examples/hello.zen" "-o" "D:/zenasm/build/hello.asm" "--target" "win64" "--opt" "3"
Directory: D:/zenasm/build
"smoke_build_hello" start time: Apr 05 14:32 SE Asia Standard Time
Output:
----------------------------------------------------------
Generated D:\zenasm\build\hello.asm for target win64
<end of output>
Test time =   0.02 sec
----------------------------------------------------------
Test Passed.
"smoke_build_hello" end time: Apr 05 14:32 SE Asia Standard Time
"smoke_build_hello" time elapsed: 00:00:00
----------------------------------------------------------

2/7 Testing: verify_hello_output
2/7 Test: verify_hello_output
Command: "C:/Program Files/CMake/bin/cmake.exe" "-DASM_FILE=D:/zenasm/build/hello.asm" "-P" "D:/zenasm/tests/verify_asm.cmake"
Directory: D:/zenasm/build
"verify_hello_output" start time: Apr 05 14:32 SE Asia Standard Time
Output:
----------------------------------------------------------
<end of output>
Test time =   0.02 sec
----------------------------------------------------------
Test Passed.
"verify_hello_output" end time: Apr 05 14:32 SE Asia Standard Time
"verify_hello_output" time elapsed: 00:00:00
----------------------------------------------------------

3/7 Testing: assemble_and_run_hello
3/7 Test: assemble_and_run_hello
Command: "C:/Program Files/CMake/bin/cmake.exe" "-DASM_FILE=D:/zenasm/build/hello.asm" "-DEXE_FILE=D:/zenasm/build/hello_smoke.exe" "-DCOMPILER_PATH=C:/Program Files/LLVM/bin/clang++.exe" "-P" "D:/zenasm/tests/assemble_and_run.cmake"
Directory: D:/zenasm/build
"assemble_and_run_hello" start time: Apr 05 14:32 SE Asia Standard Time
Output:
----------------------------------------------------------
<end of output>
Test time =   0.18 sec
----------------------------------------------------------
Test Passed.
"assemble_and_run_hello" end time: Apr 05 14:32 SE Asia Standard Time
"assemble_and_run_hello" time elapsed: 00:00:00
----------------------------------------------------------

4/7 Testing: run_advanced_program
4/7 Test: run_advanced_program
Command: "C:/Program Files/CMake/bin/cmake.exe" "-DZENASM_EXE=D:/zenasm/build/zenasm.exe" "-DSOURCE_FILE=D:/zenasm/examples/advanced.zen" "-DASM_FILE=D:/zenasm/build/advanced.asm" "-DEXE_FILE=D:/zenasm/build/advanced.exe" "-P" "D:/zenasm/tests/run_and_verify.cmake"
Directory: D:/zenasm/build
"run_advanced_program" start time: Apr 05 14:32 SE Asia Standard Time
Output:
----------------------------------------------------------
<end of output>
Test time =   0.18 sec
----------------------------------------------------------
Test Passed.
"run_advanced_program" end time: Apr 05 14:32 SE Asia Standard Time
"run_advanced_program" time elapsed: 00:00:00
----------------------------------------------------------

5/7 Testing: build_sysv_object
5/7 Test: build_sysv_object
Command: "C:/Program Files/CMake/bin/cmake.exe" "-DZENASM_EXE=D:/zenasm/build/zenasm.exe" "-DSOURCE_FILE=D:/zenasm/examples/advanced.zen" "-DASM_FILE=D:/zenasm/build/advanced_sysv.asm" "-DOBJ_FILE=D:/zenasm/build/advanced_sysv.o" "-P" "D:/zenasm/tests/build_sysv_object.cmake"
Directory: D:/zenasm/build
"build_sysv_object" start time: Apr 05 14:32 SE Asia Standard Time
Output:
----------------------------------------------------------
<end of output>
Test time =   0.05 sec
----------------------------------------------------------
Test Passed.
"build_sysv_object" end time: Apr 05 14:32 SE Asia Standard Time
"build_sysv_object" time elapsed: 00:00:00
----------------------------------------------------------

6/7 Testing: run_production_program
6/7 Test: run_production_program
Command: "C:/Program Files/CMake/bin/cmake.exe" "-DZENASM_EXE=D:/zenasm/build/zenasm.exe" "-DSOURCE_FILE=D:/zenasm/examples/production.zen" "-DASM_FILE=D:/zenasm/build/production.asm" "-DEXE_FILE=D:/zenasm/build/production.exe" "-P" "D:/zenasm/tests/run_production.cmake"
Directory: D:/zenasm/build
"run_production_program" start time: Apr 05 14:32 SE Asia Standard Time
Output:
----------------------------------------------------------
<end of output>
Test time =   0.19 sec
----------------------------------------------------------
Test Passed.
"run_production_program" end time: Apr 05 14:32 SE Asia Standard Time
"run_production_program" time elapsed: 00:00:00
----------------------------------------------------------

7/7 Testing: package_production_program
7/7 Test: package_production_program
Command: "C:/Program Files/CMake/bin/cmake.exe" "-DZENASM_EXE=D:/zenasm/build/zenasm.exe" "-DSOURCE_FILE=D:/zenasm/examples/production.zen" "-DOUTPUT_DIR=D:/zenasm/build/package-production" "-P" "D:/zenasm/tests/package_verify.cmake"
Directory: D:/zenasm/build
"package_production_program" start time: Apr 05 14:32 SE Asia Standard Time
Output:
----------------------------------------------------------
<end of output>
Test time =   0.18 sec
----------------------------------------------------------
Test Passed.
"package_production_program" end time: Apr 05 14:32 SE Asia Standard Time
"package_production_program" time elapsed: 00:00:00
----------------------------------------------------------

End testing: Apr 05 14:32 SE Asia Standard Time
